<?xml version="1.0" encoding="UTF-8"?>
<testsuite xmlns:xsi="http://www.w3.org/2001/XMLSchema-instance" xsi:noNamespaceSchemaLocation="https://maven.apache.org/surefire/maven-surefire-plugin/xsd/surefire-test-report-3.0.xsd" version="3.0" name="org.jgrapht.alg.flow.mincost.CapacityScalingMinimumCostFlowTest" time="0.079" tests="85" errors="0" skipped="0" failures="0">
  <properties>
    <property name="java.specification.version" value="14"/>
    <property name="sun.jnu.encoding" value="UTF-8"/>
    <property name="java.class.path" value="/Users/julian/Desktop/CMPT 473/jgrapht/jgrapht-core/target/test-classes:/Users/julian/.m2/repository/com/googlecode/junit-toolbox/junit-toolbox/2.4/junit-toolbox-2.4.jar:/Users/julian/.m2/repository/commons-io/commons-io/2.4/commons-io-2.4.jar:/Users/julian/.m2/repository/junit/junit/4.13.1/junit-4.13.1.jar:/Users/julian/.m2/repository/org/hamcrest/hamcrest-library/1.3/hamcrest-library-1.3.jar:/Users/julian/.m2/repository/org/hamcrest/hamcrest-core/1.3/hamcrest-core-1.3.jar:/Users/julian/.m2/repository/org/mockito/mockito-core/1.9.5/mockito-core-1.9.5.jar:/Users/julian/.m2/repository/org/objenesis/objenesis/1.0/objenesis-1.0.jar:/Users/julian/.m2/repository/org/openjdk/jmh/jmh-core/1.23/jmh-core-1.23.jar:/Users/julian/.m2/repository/net/sf/jopt-simple/jopt-simple/4.6/jopt-simple-4.6.jar:/Users/julian/.m2/repository/org/apache/commons/commons-math3/3.2/commons-math3-3.2.jar:/Users/julian/.m2/repository/org/openjdk/jmh/jmh-generator-annprocess/1.23/jmh-generator-annprocess-1.23.jar:"/>
    <property name="java.vm.vendor" value="Oracle Corporation"/>
    <property name="sun.arch.data.model" value="64"/>
    <property name="java.vendor.url" value="https://java.oracle.com/"/>
    <property name="os.name" value="Mac OS X"/>
    <property name="java.vm.specification.version" value="14"/>
    <property name="sun.java.launcher" value="SUN_STANDARD"/>
    <property name="user.country" value="CA"/>
    <property name="sun.boot.library.path" value="/Library/Java/JavaVirtualMachines/jdk-14.0.2.jdk/Contents/Home/lib"/>
    <property name="sun.java.command" value="org.apache.maven.surefire.booter.ForkedBooter /Users/julian/Desktop/CMPT 473/jgrapht/jgrapht-core/target/surefire 2020-11-05T11-32-12_506-jvmRun1 surefire9496504032729942668tmp surefire_012222419212200226425tmp"/>
    <property name="http.nonProxyHosts" value="local|*.local|169.254/16|*.169.254/16"/>
    <property name="jdk.debug" value="release"/>
    <property name="surefire.test.class.path" value="/Users/julian/Desktop/CMPT 473/jgrapht/jgrapht-core/target/test-classes:/Users/julian/.m2/repository/com/googlecode/junit-toolbox/junit-toolbox/2.4/junit-toolbox-2.4.jar:/Users/julian/.m2/repository/commons-io/commons-io/2.4/commons-io-2.4.jar:/Users/julian/.m2/repository/junit/junit/4.13.1/junit-4.13.1.jar:/Users/julian/.m2/repository/org/hamcrest/hamcrest-library/1.3/hamcrest-library-1.3.jar:/Users/julian/.m2/repository/org/hamcrest/hamcrest-core/1.3/hamcrest-core-1.3.jar:/Users/julian/.m2/repository/org/mockito/mockito-core/1.9.5/mockito-core-1.9.5.jar:/Users/julian/.m2/repository/org/objenesis/objenesis/1.0/objenesis-1.0.jar:/Users/julian/.m2/repository/org/openjdk/jmh/jmh-core/1.23/jmh-core-1.23.jar:/Users/julian/.m2/repository/net/sf/jopt-simple/jopt-simple/4.6/jopt-simple-4.6.jar:/Users/julian/.m2/repository/org/apache/commons/commons-math3/3.2/commons-math3-3.2.jar:/Users/julian/.m2/repository/org/openjdk/jmh/jmh-generator-annprocess/1.23/jmh-generator-annprocess-1.23.jar:"/>
    <property name="sun.cpu.endian" value="little"/>
    <property name="user.home" value="/Users/julian"/>
    <property name="user.language" value="en"/>
    <property name="java.specification.vendor" value="Oracle Corporation"/>
    <property name="jdk.module.path" value="/Users/julian/Desktop/CMPT 473/jgrapht/jgrapht-core/target/classes:/Users/julian/.m2/repository/org/jheaps/jheaps/0.13/jheaps-0.13.jar"/>
    <property name="java.version.date" value="2020-07-14"/>
    <property name="java.home" value="/Library/Java/JavaVirtualMachines/jdk-14.0.2.jdk/Contents/Home"/>
    <property name="file.separator" value="/"/>
    <property name="basedir" value="/Users/julian/Desktop/CMPT 473/jgrapht/jgrapht-core"/>
    <property name="java.vm.compressedOopsMode" value="Zero based"/>
    <property name="line.separator" value="&#10;"/>
    <property name="java.specification.name" value="Java Platform API Specification"/>
    <property name="java.vm.specification.vendor" value="Oracle Corporation"/>
    <property name="surefire.real.class.path" value="/Users/julian/.m2/repository/org/apache/maven/surefire/surefire-booter/3.0.0-M4/surefire-booter-3.0.0-M4.jar:/Users/julian/.m2/repository/org/apache/maven/surefire/surefire-api/3.0.0-M4/surefire-api-3.0.0-M4.jar:/Users/julian/.m2/repository/org/apache/maven/surefire/surefire-logger-api/3.0.0-M4/surefire-logger-api-3.0.0-M4.jar:/Users/julian/Desktop/CMPT 473/jgrapht/jgrapht-core/target/test-classes:/Users/julian/.m2/repository/com/googlecode/junit-toolbox/junit-toolbox/2.4/junit-toolbox-2.4.jar:/Users/julian/.m2/repository/commons-io/commons-io/2.4/commons-io-2.4.jar:/Users/julian/.m2/repository/junit/junit/4.13.1/junit-4.13.1.jar:/Users/julian/.m2/repository/org/hamcrest/hamcrest-library/1.3/hamcrest-library-1.3.jar:/Users/julian/.m2/repository/org/hamcrest/hamcrest-core/1.3/hamcrest-core-1.3.jar:/Users/julian/.m2/repository/org/mockito/mockito-core/1.9.5/mockito-core-1.9.5.jar:/Users/julian/.m2/repository/org/objenesis/objenesis/1.0/objenesis-1.0.jar:/Users/julian/.m2/repository/org/openjdk/jmh/jmh-core/1.23/jmh-core-1.23.jar:/Users/julian/.m2/repository/net/sf/jopt-simple/jopt-simple/4.6/jopt-simple-4.6.jar:/Users/julian/.m2/repository/org/apache/commons/commons-math3/3.2/commons-math3-3.2.jar:/Users/julian/.m2/repository/org/openjdk/jmh/jmh-generator-annprocess/1.23/jmh-generator-annprocess-1.23.jar:/Users/julian/.m2/repository/org/apache/maven/surefire/surefire-junit47/3.0.0-M4/surefire-junit47-3.0.0-M4.jar:/Users/julian/.m2/repository/org/apache/maven/surefire/common-java5/3.0.0-M4/common-java5-3.0.0-M4.jar:/Users/julian/.m2/repository/org/apache/maven/surefire/common-junit3/3.0.0-M4/common-junit3-3.0.0-M4.jar:/Users/julian/.m2/repository/org/apache/maven/surefire/common-junit4/3.0.0-M4/common-junit4-3.0.0-M4.jar:/Users/julian/.m2/repository/org/apache/maven/surefire/common-junit48/3.0.0-M4/common-junit48-3.0.0-M4.jar:/Users/julian/.m2/repository/org/apache/maven/surefire/surefire-grouper/3.0.0-M4/surefire-grouper-3.0.0-M4.jar"/>
    <property name="sun.management.compiler" value="HotSpot 64-Bit Tiered Compilers"/>
    <property name="ftp.nonProxyHosts" value="local|*.local|169.254/16|*.169.254/16"/>
    <property name="java.runtime.version" value="14.0.2+12-46"/>
    <property name="user.name" value="julian"/>
    <property name="path.separator" value=":"/>
    <property name="os.version" value="10.15.7"/>
    <property name="java.runtime.name" value="Java(TM) SE Runtime Environment"/>
    <property name="file.encoding" value="UTF-8"/>
    <property name="java.vm.name" value="Java HotSpot(TM) 64-Bit Server VM"/>
    <property name="localRepository" value="/Users/julian/.m2/repository"/>
    <property name="java.vendor.url.bug" value="https://bugreport.java.com/bugreport/"/>
    <property name="java.io.tmpdir" value="/var/folders/m7/zrhrmmjj5fz1lmflxv3_sm8m0000gn/T/"/>
    <property name="java.version" value="14.0.2"/>
    <property name="user.dir" value="/Users/julian/Desktop/CMPT 473/jgrapht/jgrapht-core"/>
    <property name="os.arch" value="x86_64"/>
    <property name="java.vm.specification.name" value="Java Virtual Machine Specification"/>
    <property name="java.library.path" value="/Users/julian/Library/Java/Extensions:/Library/Java/Extensions:/Network/Library/Java/Extensions:/System/Library/Java/Extensions:/usr/lib/java:."/>
    <property name="java.vm.info" value="mixed mode"/>
    <property name="java.vendor" value="Oracle Corporation"/>
    <property name="java.vm.version" value="14.0.2+12-46"/>
    <property name="sun.io.unicode.encoding" value="UnicodeBig"/>
    <property name="socksNonProxyHosts" value="local|*.local|169.254/16|*.169.254/16"/>
    <property name="java.class.version" value="58.0"/>
  </properties>
  <testcase name="testGetMinimumCostFlow1[0]" classname="org.jgrapht.alg.flow.mincost.CapacityScalingMinimumCostFlowTest" time="0.004"/>
  <testcase name="testGetMinimumCostFlow2[0]" classname="org.jgrapht.alg.flow.mincost.CapacityScalingMinimumCostFlowTest" time="0"/>
  <testcase name="testGetMinimumCostFlow3[0]" classname="org.jgrapht.alg.flow.mincost.CapacityScalingMinimumCostFlowTest" time="0"/>
  <testcase name="testGetMinimumCostFlow4[0]" classname="org.jgrapht.alg.flow.mincost.CapacityScalingMinimumCostFlowTest" time="0"/>
  <testcase name="testGetMinimumCostFlow5[0]" classname="org.jgrapht.alg.flow.mincost.CapacityScalingMinimumCostFlowTest" time="0"/>
  <testcase name="testGetMinimumCostFlow6[0]" classname="org.jgrapht.alg.flow.mincost.CapacityScalingMinimumCostFlowTest" time="0"/>
  <testcase name="testGetMinimumCostFlow7[0]" classname="org.jgrapht.alg.flow.mincost.CapacityScalingMinimumCostFlowTest" time="0"/>
  <testcase name="testGetMinimumCostFlow8[0]" classname="org.jgrapht.alg.flow.mincost.CapacityScalingMinimumCostFlowTest" time="0.001"/>
  <testcase name="testGetMinimumCostFlow9[0]" classname="org.jgrapht.alg.flow.mincost.CapacityScalingMinimumCostFlowTest" time="0"/>
  <testcase name="testGetMinimumCostFlow10[0]" classname="org.jgrapht.alg.flow.mincost.CapacityScalingMinimumCostFlowTest" time="0"/>
  <testcase name="testGetMinimumCostFlow11[0]" classname="org.jgrapht.alg.flow.mincost.CapacityScalingMinimumCostFlowTest" time="0"/>
  <testcase name="testGetMinimumCostFlow12[0]" classname="org.jgrapht.alg.flow.mincost.CapacityScalingMinimumCostFlowTest" time="0.001"/>
  <testcase name="testGetMinimumCostFlow13[0]" classname="org.jgrapht.alg.flow.mincost.CapacityScalingMinimumCostFlowTest" time="0"/>
  <testcase name="testGetMinimumCostFlow14[0]" classname="org.jgrapht.alg.flow.mincost.CapacityScalingMinimumCostFlowTest" time="0.002"/>
  <testcase name="testGetMinimumCostFlow15[0]" classname="org.jgrapht.alg.flow.mincost.CapacityScalingMinimumCostFlowTest" time="0.001"/>
  <testcase name="testGetMinimumCostFlow16[0]" classname="org.jgrapht.alg.flow.mincost.CapacityScalingMinimumCostFlowTest" time="0.004"/>
  <testcase name="testGetMinimumCostFlow17[0]" classname="org.jgrapht.alg.flow.mincost.CapacityScalingMinimumCostFlowTest" time="0.007"/>
  <testcase name="testGetMinimumCostFlow1[1]" classname="org.jgrapht.alg.flow.mincost.CapacityScalingMinimumCostFlowTest" time="0.001"/>
  <testcase name="testGetMinimumCostFlow2[1]" classname="org.jgrapht.alg.flow.mincost.CapacityScalingMinimumCostFlowTest" time="0"/>
  <testcase name="testGetMinimumCostFlow3[1]" classname="org.jgrapht.alg.flow.mincost.CapacityScalingMinimumCostFlowTest" time="0"/>
  <testcase name="testGetMinimumCostFlow4[1]" classname="org.jgrapht.alg.flow.mincost.CapacityScalingMinimumCostFlowTest" time="0"/>
  <testcase name="testGetMinimumCostFlow5[1]" classname="org.jgrapht.alg.flow.mincost.CapacityScalingMinimumCostFlowTest" time="0"/>
  <testcase name="testGetMinimumCostFlow6[1]" classname="org.jgrapht.alg.flow.mincost.CapacityScalingMinimumCostFlowTest" time="0"/>
  <testcase name="testGetMinimumCostFlow7[1]" classname="org.jgrapht.alg.flow.mincost.CapacityScalingMinimumCostFlowTest" time="0"/>
  <testcase name="testGetMinimumCostFlow8[1]" classname="org.jgrapht.alg.flow.mincost.CapacityScalingMinimumCostFlowTest" time="0.001"/>
  <testcase name="testGetMinimumCostFlow9[1]" classname="org.jgrapht.alg.flow.mincost.CapacityScalingMinimumCostFlowTest" time="0"/>
  <testcase name="testGetMinimumCostFlow10[1]" classname="org.jgrapht.alg.flow.mincost.CapacityScalingMinimumCostFlowTest" time="0"/>
  <testcase name="testGetMinimumCostFlow11[1]" classname="org.jgrapht.alg.flow.mincost.CapacityScalingMinimumCostFlowTest" time="0"/>
  <testcase name="testGetMinimumCostFlow12[1]" classname="org.jgrapht.alg.flow.mincost.CapacityScalingMinimumCostFlowTest" time="0"/>
  <testcase name="testGetMinimumCostFlow13[1]" classname="org.jgrapht.alg.flow.mincost.CapacityScalingMinimumCostFlowTest" time="0.001"/>
  <testcase name="testGetMinimumCostFlow14[1]" classname="org.jgrapht.alg.flow.mincost.CapacityScalingMinimumCostFlowTest" time="0.001"/>
  <testcase name="testGetMinimumCostFlow15[1]" classname="org.jgrapht.alg.flow.mincost.CapacityScalingMinimumCostFlowTest" time="0"/>
  <testcase name="testGetMinimumCostFlow16[1]" classname="org.jgrapht.alg.flow.mincost.CapacityScalingMinimumCostFlowTest" time="0.003"/>
  <testcase name="testGetMinimumCostFlow17[1]" classname="org.jgrapht.alg.flow.mincost.CapacityScalingMinimumCostFlowTest" time="0.008"/>
  <testcase name="testGetMinimumCostFlow1[2]" classname="org.jgrapht.alg.flow.mincost.CapacityScalingMinimumCostFlowTest" time="0"/>
  <testcase name="testGetMinimumCostFlow2[2]" classname="org.jgrapht.alg.flow.mincost.CapacityScalingMinimumCostFlowTest" time="0.001"/>
  <testcase name="testGetMinimumCostFlow3[2]" classname="org.jgrapht.alg.flow.mincost.CapacityScalingMinimumCostFlowTest" time="0"/>
  <testcase name="testGetMinimumCostFlow4[2]" classname="org.jgrapht.alg.flow.mincost.CapacityScalingMinimumCostFlowTest" time="0"/>
  <testcase name="testGetMinimumCostFlow5[2]" classname="org.jgrapht.alg.flow.mincost.CapacityScalingMinimumCostFlowTest" time="0"/>
  <testcase name="testGetMinimumCostFlow6[2]" classname="org.jgrapht.alg.flow.mincost.CapacityScalingMinimumCostFlowTest" time="0"/>
  <testcase name="testGetMinimumCostFlow7[2]" classname="org.jgrapht.alg.flow.mincost.CapacityScalingMinimumCostFlowTest" time="0"/>
  <testcase name="testGetMinimumCostFlow8[2]" classname="org.jgrapht.alg.flow.mincost.CapacityScalingMinimumCostFlowTest" time="0.001"/>
  <testcase name="testGetMinimumCostFlow9[2]" classname="org.jgrapht.alg.flow.mincost.CapacityScalingMinimumCostFlowTest" time="0"/>
  <testcase name="testGetMinimumCostFlow10[2]" classname="org.jgrapht.alg.flow.mincost.CapacityScalingMinimumCostFlowTest" time="0"/>
  <testcase name="testGetMinimumCostFlow11[2]" classname="org.jgrapht.alg.flow.mincost.CapacityScalingMinimumCostFlowTest" time="0"/>
  <testcase name="testGetMinimumCostFlow12[2]" classname="org.jgrapht.alg.flow.mincost.CapacityScalingMinimumCostFlowTest" time="0.001"/>
  <testcase name="testGetMinimumCostFlow13[2]" classname="org.jgrapht.alg.flow.mincost.CapacityScalingMinimumCostFlowTest" time="0"/>
  <testcase name="testGetMinimumCostFlow14[2]" classname="org.jgrapht.alg.flow.mincost.CapacityScalingMinimumCostFlowTest" time="0.001"/>
  <testcase name="testGetMinimumCostFlow15[2]" classname="org.jgrapht.alg.flow.mincost.CapacityScalingMinimumCostFlowTest" time="0.001"/>
  <testcase name="testGetMinimumCostFlow16[2]" classname="org.jgrapht.alg.flow.mincost.CapacityScalingMinimumCostFlowTest" time="0.003"/>
  <testcase name="testGetMinimumCostFlow17[2]" classname="org.jgrapht.alg.flow.mincost.CapacityScalingMinimumCostFlowTest" time="0.008"/>
  <testcase name="testGetMinimumCostFlow1[3]" classname="org.jgrapht.alg.flow.mincost.CapacityScalingMinimumCostFlowTest" time="0"/>
  <testcase name="testGetMinimumCostFlow2[3]" classname="org.jgrapht.alg.flow.mincost.CapacityScalingMinimumCostFlowTest" time="0"/>
  <testcase name="testGetMinimumCostFlow3[3]" classname="org.jgrapht.alg.flow.mincost.CapacityScalingMinimumCostFlowTest" time="0"/>
  <testcase name="testGetMinimumCostFlow4[3]" classname="org.jgrapht.alg.flow.mincost.CapacityScalingMinimumCostFlowTest" time="0"/>
  <testcase name="testGetMinimumCostFlow5[3]" classname="org.jgrapht.alg.flow.mincost.CapacityScalingMinimumCostFlowTest" time="0"/>
  <testcase name="testGetMinimumCostFlow6[3]" classname="org.jgrapht.alg.flow.mincost.CapacityScalingMinimumCostFlowTest" time="0"/>
  <testcase name="testGetMinimumCostFlow7[3]" classname="org.jgrapht.alg.flow.mincost.CapacityScalingMinimumCostFlowTest" time="0.001"/>
  <testcase name="testGetMinimumCostFlow8[3]" classname="org.jgrapht.alg.flow.mincost.CapacityScalingMinimumCostFlowTest" time="0"/>
  <testcase name="testGetMinimumCostFlow9[3]" classname="org.jgrapht.alg.flow.mincost.CapacityScalingMinimumCostFlowTest" time="0"/>
  <testcase name="testGetMinimumCostFlow10[3]" classname="org.jgrapht.alg.flow.mincost.CapacityScalingMinimumCostFlowTest" time="0"/>
  <testcase name="testGetMinimumCostFlow11[3]" classname="org.jgrapht.alg.flow.mincost.CapacityScalingMinimumCostFlowTest" time="0"/>
  <testcase name="testGetMinimumCostFlow12[3]" classname="org.jgrapht.alg.flow.mincost.CapacityScalingMinimumCostFlowTest" time="0.001"/>
  <testcase name="testGetMinimumCostFlow13[3]" classname="org.jgrapht.alg.flow.mincost.CapacityScalingMinimumCostFlowTest" time="0"/>
  <testcase name="testGetMinimumCostFlow14[3]" classname="org.jgrapht.alg.flow.mincost.CapacityScalingMinimumCostFlowTest" time="0.001"/>
  <testcase name="testGetMinimumCostFlow15[3]" classname="org.jgrapht.alg.flow.mincost.CapacityScalingMinimumCostFlowTest" time="0.001"/>
  <testcase name="testGetMinimumCostFlow16[3]" classname="org.jgrapht.alg.flow.mincost.CapacityScalingMinimumCostFlowTest" time="0.003"/>
  <testcase name="testGetMinimumCostFlow17[3]" classname="org.jgrapht.alg.flow.mincost.CapacityScalingMinimumCostFlowTest" time="0.006"/>
  <testcase name="testGetMinimumCostFlow1[4]" classname="org.jgrapht.alg.flow.mincost.CapacityScalingMinimumCostFlowTest" time="0"/>
  <testcase name="testGetMinimumCostFlow2[4]" classname="org.jgrapht.alg.flow.mincost.CapacityScalingMinimumCostFlowTest" time="0"/>
  <testcase name="testGetMinimumCostFlow3[4]" classname="org.jgrapht.alg.flow.mincost.CapacityScalingMinimumCostFlowTest" time="0"/>
  <testcase name="testGetMinimumCostFlow4[4]" classname="org.jgrapht.alg.flow.mincost.CapacityScalingMinimumCostFlowTest" time="0.001"/>
  <testcase name="testGetMinimumCostFlow5[4]" classname="org.jgrapht.alg.flow.mincost.CapacityScalingMinimumCostFlowTest" time="0"/>
  <testcase name="testGetMinimumCostFlow6[4]" classname="org.jgrapht.alg.flow.mincost.CapacityScalingMinimumCostFlowTest" time="0"/>
  <testcase name="testGetMinimumCostFlow7[4]" classname="org.jgrapht.alg.flow.mincost.CapacityScalingMinimumCostFlowTest" time="0"/>
  <testcase name="testGetMinimumCostFlow8[4]" classname="org.jgrapht.alg.flow.mincost.CapacityScalingMinimumCostFlowTest" time="0"/>
  <testcase name="testGetMinimumCostFlow9[4]" classname="org.jgrapht.alg.flow.mincost.CapacityScalingMinimumCostFlowTest" time="0"/>
  <testcase name="testGetMinimumCostFlow10[4]" classname="org.jgrapht.alg.flow.mincost.CapacityScalingMinimumCostFlowTest" time="0"/>
  <testcase name="testGetMinimumCostFlow11[4]" classname="org.jgrapht.alg.flow.mincost.CapacityScalingMinimumCostFlowTest" time="0"/>
  <testcase name="testGetMinimumCostFlow12[4]" classname="org.jgrapht.alg.flow.mincost.CapacityScalingMinimumCostFlowTest" time="0.001"/>
  <testcase name="testGetMinimumCostFlow13[4]" classname="org.jgrapht.alg.flow.mincost.CapacityScalingMinimumCostFlowTest" time="0"/>
  <testcase name="testGetMinimumCostFlow14[4]" classname="org.jgrapht.alg.flow.mincost.CapacityScalingMinimumCostFlowTest" time="0.001"/>
  <testcase name="testGetMinimumCostFlow15[4]" classname="org.jgrapht.alg.flow.mincost.CapacityScalingMinimumCostFlowTest" time="0"/>
  <testcase name="testGetMinimumCostFlow16[4]" classname="org.jgrapht.alg.flow.mincost.CapacityScalingMinimumCostFlowTest" time="0.004"/>
  <testcase name="testGetMinimumCostFlow17[4]" classname="org.jgrapht.alg.flow.mincost.CapacityScalingMinimumCostFlowTest" time="0.007"/>
</testsuite>