<?xml version="1.0" encoding="UTF-8"?>
<testsuite xmlns:xsi="http://www.w3.org/2001/XMLSchema-instance" xsi:noNamespaceSchemaLocation="https://maven.apache.org/surefire/maven-surefire-plugin/xsd/surefire-test-report-3.0.xsd" version="3.0" name="org.jgrapht.nio.graphml.GraphMLImporterTest" time="0.386" tests="25" errors="0" skipped="0" failures="0">
  <properties>
    <property name="java.specification.version" value="14"/>
    <property name="sun.jnu.encoding" value="UTF-8"/>
    <property name="java.class.path" value="/Users/julian/Desktop/CMPT 473/jgrapht/jgrapht-io/target/test-classes:/Users/julian/.m2/repository/org/xmlunit/xmlunit-core/2.7.0/xmlunit-core-2.7.0.jar:/Users/julian/.m2/repository/javax/xml/bind/jaxb-api/2.3.0/jaxb-api-2.3.0.jar:/Users/julian/.m2/repository/junit/junit/4.13.1/junit-4.13.1.jar:/Users/julian/.m2/repository/org/hamcrest/hamcrest-core/1.3/hamcrest-core-1.3.jar:/Users/julian/.m2/repository/org/apache/commons/commons-lang3/3.9/commons-lang3-3.9.jar:"/>
    <property name="java.vm.vendor" value="Oracle Corporation"/>
    <property name="sun.arch.data.model" value="64"/>
    <property name="java.vendor.url" value="https://java.oracle.com/"/>
    <property name="os.name" value="Mac OS X"/>
    <property name="java.vm.specification.version" value="14"/>
    <property name="sun.java.launcher" value="SUN_STANDARD"/>
    <property name="user.country" value="CA"/>
    <property name="sun.boot.library.path" value="/Library/Java/JavaVirtualMachines/jdk-14.0.2.jdk/Contents/Home/lib"/>
    <property name="sun.java.command" value="org.apache.maven.surefire.booter.ForkedBooter /Users/julian/Desktop/CMPT 473/jgrapht/jgrapht-io/target/surefire 2020-11-05T11-32-12_506-jvmRun1 surefire16466845073958993580tmp surefire_115245641795355722381tmp"/>
    <property name="http.nonProxyHosts" value="local|*.local|169.254/16|*.169.254/16"/>
    <property name="jdk.debug" value="release"/>
    <property name="surefire.test.class.path" value="/Users/julian/Desktop/CMPT 473/jgrapht/jgrapht-io/target/test-classes:/Users/julian/.m2/repository/org/xmlunit/xmlunit-core/2.7.0/xmlunit-core-2.7.0.jar:/Users/julian/.m2/repository/javax/xml/bind/jaxb-api/2.3.0/jaxb-api-2.3.0.jar:/Users/julian/.m2/repository/junit/junit/4.13.1/junit-4.13.1.jar:/Users/julian/.m2/repository/org/hamcrest/hamcrest-core/1.3/hamcrest-core-1.3.jar:/Users/julian/.m2/repository/org/apache/commons/commons-lang3/3.9/commons-lang3-3.9.jar:"/>
    <property name="sun.cpu.endian" value="little"/>
    <property name="user.home" value="/Users/julian"/>
    <property name="user.language" value="en"/>
    <property name="java.specification.vendor" value="Oracle Corporation"/>
    <property name="jdk.module.path" value="/Users/julian/Desktop/CMPT 473/jgrapht/jgrapht-io/target/classes:/Users/julian/Desktop/CMPT 473/jgrapht/jgrapht-core/target/classes:/Users/julian/.m2/repository/org/jheaps/jheaps/0.13/jheaps-0.13.jar:/Users/julian/.m2/repository/org/antlr/antlr4-runtime/4.8-1/antlr4-runtime-4.8-1.jar:/Users/julian/.m2/repository/org/apache/commons/commons-text/1.8/commons-text-1.8.jar"/>
    <property name="java.version.date" value="2020-07-14"/>
    <property name="java.home" value="/Library/Java/JavaVirtualMachines/jdk-14.0.2.jdk/Contents/Home"/>
    <property name="file.separator" value="/"/>
    <property name="basedir" value="/Users/julian/Desktop/CMPT 473/jgrapht/jgrapht-io"/>
    <property name="java.vm.compressedOopsMode" value="Zero based"/>
    <property name="line.separator" value="&#10;"/>
    <property name="java.specification.name" value="Java Platform API Specification"/>
    <property name="java.vm.specification.vendor" value="Oracle Corporation"/>
    <property name="surefire.real.class.path" value="/Users/julian/.m2/repository/org/apache/maven/surefire/surefire-booter/3.0.0-M4/surefire-booter-3.0.0-M4.jar:/Users/julian/.m2/repository/org/apache/maven/surefire/surefire-api/3.0.0-M4/surefire-api-3.0.0-M4.jar:/Users/julian/.m2/repository/org/apache/maven/surefire/surefire-logger-api/3.0.0-M4/surefire-logger-api-3.0.0-M4.jar:/Users/julian/Desktop/CMPT 473/jgrapht/jgrapht-io/target/test-classes:/Users/julian/.m2/repository/org/xmlunit/xmlunit-core/2.7.0/xmlunit-core-2.7.0.jar:/Users/julian/.m2/repository/javax/xml/bind/jaxb-api/2.3.0/jaxb-api-2.3.0.jar:/Users/julian/.m2/repository/junit/junit/4.13.1/junit-4.13.1.jar:/Users/julian/.m2/repository/org/hamcrest/hamcrest-core/1.3/hamcrest-core-1.3.jar:/Users/julian/.m2/repository/org/apache/commons/commons-lang3/3.9/commons-lang3-3.9.jar:/Users/julian/.m2/repository/org/apache/maven/surefire/surefire-junit4/3.0.0-M4/surefire-junit4-3.0.0-M4.jar:/Users/julian/.m2/repository/org/apache/maven/surefire/common-java5/3.0.0-M4/common-java5-3.0.0-M4.jar:/Users/julian/.m2/repository/org/apache/maven/surefire/common-junit3/3.0.0-M4/common-junit3-3.0.0-M4.jar:/Users/julian/.m2/repository/org/apache/maven/surefire/common-junit4/3.0.0-M4/common-junit4-3.0.0-M4.jar"/>
    <property name="sun.management.compiler" value="HotSpot 64-Bit Tiered Compilers"/>
    <property name="ftp.nonProxyHosts" value="local|*.local|169.254/16|*.169.254/16"/>
    <property name="java.runtime.version" value="14.0.2+12-46"/>
    <property name="user.name" value="julian"/>
    <property name="path.separator" value=":"/>
    <property name="os.version" value="10.15.7"/>
    <property name="java.runtime.name" value="Java(TM) SE Runtime Environment"/>
    <property name="file.encoding" value="UTF-8"/>
    <property name="java.vm.name" value="Java HotSpot(TM) 64-Bit Server VM"/>
    <property name="localRepository" value="/Users/julian/.m2/repository"/>
    <property name="java.vendor.url.bug" value="https://bugreport.java.com/bugreport/"/>
    <property name="java.io.tmpdir" value="/var/folders/m7/zrhrmmjj5fz1lmflxv3_sm8m0000gn/T/"/>
    <property name="java.version" value="14.0.2"/>
    <property name="user.dir" value="/Users/julian/Desktop/CMPT 473/jgrapht/jgrapht-io"/>
    <property name="os.arch" value="x86_64"/>
    <property name="java.vm.specification.name" value="Java Virtual Machine Specification"/>
    <property name="java.library.path" value="/Users/julian/Library/Java/Extensions:/Library/Java/Extensions:/Network/Library/Java/Extensions:/System/Library/Java/Extensions:/usr/lib/java:."/>
    <property name="java.vm.info" value="mixed mode"/>
    <property name="java.vendor" value="Oracle Corporation"/>
    <property name="java.vm.version" value="14.0.2+12-46"/>
    <property name="sun.io.unicode.encoding" value="UnicodeBig"/>
    <property name="socksNonProxyHosts" value="local|*.local|169.254/16|*.169.254/16"/>
    <property name="java.class.version" value="58.0"/>
  </properties>
  <testcase name="testValidateNoNodeId" classname="org.jgrapht.nio.graphml.GraphMLImporterTest" time="0.052"/>
  <testcase name="testDirectedUnweighted" classname="org.jgrapht.nio.graphml.GraphMLImporterTest" time="0.021"/>
  <testcase name="testValidateDuplicateNode" classname="org.jgrapht.nio.graphml.GraphMLImporterTest" time="0.024"/>
  <testcase name="testVertexFactory" classname="org.jgrapht.nio.graphml.GraphMLImporterTest" time="0.014"/>
  <testcase name="testWithAttributesCustomNamedWeightedGraphs" classname="org.jgrapht.nio.graphml.GraphMLImporterTest" time="0.03"/>
  <testcase name="testUndirectedUnweightedPseudoGraph" classname="org.jgrapht.nio.graphml.GraphMLImporterTest" time="0.013"/>
  <testcase name="testValidate" classname="org.jgrapht.nio.graphml.GraphMLImporterTest" time="0.014"/>
  <testcase name="testUndirectedUnweightedStringKeys" classname="org.jgrapht.nio.graphml.GraphMLImporterTest" time="0.014"/>
  <testcase name="testNonValidNoVertexId" classname="org.jgrapht.nio.graphml.GraphMLImporterTest" time="0.001"/>
  <testcase name="testUndirectedUnweighted" classname="org.jgrapht.nio.graphml.GraphMLImporterTest" time="0.011"/>
  <testcase name="testExportImport" classname="org.jgrapht.nio.graphml.GraphMLImporterTest" time="0.011"/>
  <testcase name="testUnsupportedGraph" classname="org.jgrapht.nio.graphml.GraphMLImporterTest" time="0.011"/>
  <testcase name="testWithAttributesWeightedGraphs" classname="org.jgrapht.nio.graphml.GraphMLImporterTest" time="0.016"/>
  <testcase name="testUndirectedUnweightedPrefix" classname="org.jgrapht.nio.graphml.GraphMLImporterTest" time="0.011"/>
  <testcase name="testWithAttributes" classname="org.jgrapht.nio.graphml.GraphMLImporterTest" time="0.021"/>
  <testcase name="testWithAttributesCustomNamedWeightedForAllGraphs" classname="org.jgrapht.nio.graphml.GraphMLImporterTest" time="0.023"/>
  <testcase name="testUndirectedUnweightedFromInputStream" classname="org.jgrapht.nio.graphml.GraphMLImporterTest" time="0.009"/>
  <testcase name="testValidWithXLinkNodeAttrib" classname="org.jgrapht.nio.graphml.GraphMLImporterTest" time="0.01"/>
  <testcase name="testNonValidApoc" classname="org.jgrapht.nio.graphml.GraphMLImporterTest" time="0.002"/>
  <testcase name="testUndirectedUnweightedWrongOrder" classname="org.jgrapht.nio.graphml.GraphMLImporterTest" time="0.01"/>
  <testcase name="testWithMapAttributes" classname="org.jgrapht.nio.graphml.GraphMLImporterTest" time="0.009"/>
  <testcase name="testWithAttributesAtGraphLevel" classname="org.jgrapht.nio.graphml.GraphMLImporterTest" time="0.013"/>
  <testcase name="testNestedGraphs" classname="org.jgrapht.nio.graphml.GraphMLImporterTest" time="0.02"/>
  <testcase name="testWithHyperEdges" classname="org.jgrapht.nio.graphml.GraphMLImporterTest" time="0.008"/>
  <testcase name="testWithAttributesAtGraphMLLevel" classname="org.jgrapht.nio.graphml.GraphMLImporterTest" time="0.009"/>
</testsuite>